<?xml version="1.0" encoding="UTF-8"?>
<!-- Generated by org.testng.reporters.JUnitReportReporter -->
<testsuite hostname="DESKTOP-92GKFVO" failures="0" tests="1" name="com.qa.client.Yrestclient" time="0.482" errors="0" timestamp="2022-01-19T12:10:48 MYT" skipped="0">
  <testcase classname="com.qa.client.Yrestclient" name="callAndGetAPIResponse" time="0.482"/>
  <system-out/>
</testsuite> <!-- com.qa.client.Yrestclient -->
