<?xml version="1.0" encoding="UTF-8"?>
<!-- Generated by org.testng.reporters.JUnitReportReporter -->
<testsuite hostname="DESKTOP-92GKFVO" failures="0" tests="2" name="com.qa.tests.GetAPITest" time="0.599" errors="0" timestamp="2022-01-19T10:14:45 MYT" skipped="0">
  <testcase classname="com.qa.tests.GetAPITest" name="getAPITestWithoutHeaders" time="0.511"/>
  <system-out/>
  <testcase classname="com.qa.tests.GetAPITest" name="getAPITestWithHeaders" time="0.088"/>
  <system-out/>
</testsuite> <!-- com.qa.tests.GetAPITest -->
