<?xml version="1.0" encoding="UTF-8"?>
<!-- Generated by org.testng.reporters.JUnitReportReporter -->
<testsuite hostname="DESKTOP-92GKFVO" failures="0" tests="1" name="com.qa.tests.PostAPITest" time="1.201" errors="0" timestamp="2022-01-19T12:25:05 MYT" skipped="0">
  <testcase classname="com.qa.tests.PostAPITest" name="postAPITest" time="1.201"/>
  <system-out/>
</testsuite> <!-- com.qa.tests.PostAPITest -->
